[0.068s] DEBUG:colcon:Command line arguments: ['/usr/bin/colcon', 'build', '--packages-select', 'ros2_rust_pubsub_example', '--packages-select', 'rosidl_runtime_rs', 'rosidl_generator_rs', 'test_interface_files', 'test_msgs', 'rclrs', '--packages-ignore', 'rosidl_default_generators', 'rosidl_default_runtime', 'builtin_interfaces', 'unique_identifier_msgs', 'action_msgs', 'rcl_interfaces', 'rosgraph_msgs']
[0.068s] DEBUG:colcon:Parsed command line arguments: Namespace(log_base=None, log_level=None, verb_name='build', build_base='build', install_base='install', merge_install=False, symlink_install=False, test_result_base=None, continue_on_error=False, executor='parallel', parallel_workers=16, event_handlers=None, ignore_user_meta=False, metas=['./colcon.meta'], base_paths=['.'], packages_ignore=['rosidl_default_generators', 'rosidl_default_runtime', 'builtin_interfaces', 'unique_identifier_msgs', 'action_msgs', 'rcl_interfaces', 'rosgraph_msgs'], packages_ignore_regex=None, paths=None, packages_up_to=None, packages_up_to_regex=None, packages_above=None, packages_above_and_dependencies=None, packages_above_depth=None, packages_select_by_dep=None, packages_skip_by_dep=None, packages_skip_up_to=None, packages_select_build_failed=False, packages_skip_build_finished=False, packages_select_test_failures=False, packages_skip_test_passed=False, packages_select=['rosidl_runtime_rs', 'rosidl_generator_rs', 'test_interface_files', 'test_msgs', 'rclrs'], packages_skip=None, packages_select_regex=None, packages_skip_regex=None, packages_start=None, packages_end=None, allow_overriding=[], lookup_in_workspace=False, cargo_args=None, clean_build=False, cmake_args=None, cmake_target=None, cmake_target_skip_unavailable=False, cmake_clean_cache=False, cmake_clean_first=False, cmake_force_configure=False, ament_cmake_args=None, catkin_cmake_args=None, catkin_skip_building_tests=False, verb_parser=<colcon_defaults.argument_parser.defaults.DefaultArgumentsDecorator object at 0x789efbf46560>, verb_extension=<colcon_core.verb.build.BuildVerb object at 0x789efbf47fa0>, main=<bound method BuildVerb.main of <colcon_core.verb.build.BuildVerb object at 0x789efbf47fa0>>)
[0.167s] Level 1:colcon.colcon_core.package_discovery:discover_packages(colcon_meta) check parameters
[0.167s] Level 1:colcon.colcon_core.package_discovery:discover_packages(recursive) check parameters
[0.167s] Level 1:colcon.colcon_core.package_discovery:discover_packages(ignore) check parameters
[0.167s] Level 1:colcon.colcon_core.package_discovery:discover_packages(path) check parameters
[0.167s] Level 1:colcon.colcon_core.package_discovery:discover_packages(colcon_meta) discover
[0.167s] Level 1:colcon.colcon_core.package_discovery:discover_packages(recursive) discover
[0.167s] INFO:colcon.colcon_core.package_discovery:Crawling recursively for packages in '/home/taisyu/ros2_ws/src/ros2_rust_pubsub_example'
[0.167s] Level 1:colcon.colcon_core.package_identification:_identify(.) by extensions ['ignore', 'ignore_ament_install']
[0.167s] Level 1:colcon.colcon_core.package_identification:_identify(.) by extension 'ignore'
[0.167s] Level 1:colcon.colcon_core.package_identification:_identify(.) by extension 'ignore_ament_install'
[0.167s] Level 1:colcon.colcon_core.package_identification:_identify(.) by extensions ['colcon_pkg']
[0.167s] Level 1:colcon.colcon_core.package_identification:_identify(.) by extension 'colcon_pkg'
[0.167s] Level 1:colcon.colcon_core.package_identification:_identify(.) by extensions ['colcon_meta']
[0.167s] Level 1:colcon.colcon_core.package_identification:_identify(.) by extension 'colcon_meta'
[0.167s] Level 1:colcon.colcon_core.package_identification:_identify(.) by extensions ['ament_cargo']
[0.167s] Level 1:colcon.colcon_core.package_identification:_identify(.) by extension 'ament_cargo'
[0.169s] DEBUG:colcon.colcon_core.package_identification:Package '.' with type 'ament_cargo' and name 'ros2_rust_pubsub_example'
[0.169s] Level 1:colcon.colcon_core.package_discovery:discover_packages(recursive) using defaults
[0.169s] Level 1:colcon.colcon_core.package_discovery:discover_packages(ignore) discover
[0.169s] Level 1:colcon.colcon_core.package_discovery:discover_packages(ignore) using defaults
[0.169s] Level 1:colcon.colcon_core.package_discovery:discover_packages(path) discover
[0.169s] Level 1:colcon.colcon_core.package_discovery:discover_packages(path) using defaults
[0.170s] WARNING:colcon.colcon_core.package_selection:ignoring unknown package 'rosidl_runtime_rs' in --packages-select
[0.170s] WARNING:colcon.colcon_core.package_selection:ignoring unknown package 'rosidl_generator_rs' in --packages-select
[0.170s] WARNING:colcon.colcon_core.package_selection:ignoring unknown package 'test_interface_files' in --packages-select
[0.170s] WARNING:colcon.colcon_core.package_selection:ignoring unknown package 'test_msgs' in --packages-select
[0.170s] WARNING:colcon.colcon_core.package_selection:ignoring unknown package 'rclrs' in --packages-select
[0.179s] WARNING:colcon.colcon_core.package_discovery:ignoring unknown package 'rosidl_default_generators' in --packages-ignore
[0.179s] WARNING:colcon.colcon_core.package_discovery:ignoring unknown package 'rosidl_default_runtime' in --packages-ignore
[0.179s] WARNING:colcon.colcon_core.package_discovery:ignoring unknown package 'builtin_interfaces' in --packages-ignore
[0.179s] WARNING:colcon.colcon_core.package_discovery:ignoring unknown package 'unique_identifier_msgs' in --packages-ignore
[0.179s] WARNING:colcon.colcon_core.package_discovery:ignoring unknown package 'action_msgs' in --packages-ignore
[0.179s] WARNING:colcon.colcon_core.package_discovery:ignoring unknown package 'rcl_interfaces' in --packages-ignore
[0.179s] WARNING:colcon.colcon_core.package_discovery:ignoring unknown package 'rosgraph_msgs' in --packages-ignore
[0.179s] INFO:colcon.colcon_core.package_selection:Skipping not selected package 'ros2_rust_pubsub_example' in '.'
[0.179s] Level 1:colcon.colcon_core.package_discovery:discover_packages(prefix_path) check parameters
[0.179s] Level 1:colcon.colcon_core.package_discovery:discover_packages(prefix_path) discover
[0.181s] DEBUG:colcon.colcon_installed_package_information.package_discovery:Found 327 installed packages in /opt/ros/humble
[0.181s] Level 1:colcon.colcon_core.package_discovery:discover_packages(prefix_path) using defaults
[0.209s] INFO:colcon.colcon_core.executor:Executing jobs using 'parallel' executor
[0.210s] DEBUG:colcon.colcon_parallel_executor.executor.parallel:run_until_complete
[0.210s] DEBUG:colcon.colcon_parallel_executor.executor.parallel:closing loop
[0.210s] DEBUG:colcon.colcon_parallel_executor.executor.parallel:loop closed
[0.211s] DEBUG:colcon.colcon_parallel_executor.executor.parallel:run_until_complete finished with '0'
[0.211s] DEBUG:colcon.colcon_core.event_reactor:joining thread
[0.214s] INFO:colcon.colcon_core.plugin_system:Skipping extension 'colcon_notification.desktop_notification.terminal_notifier': Not used on non-Darwin systems
[0.214s] INFO:colcon.colcon_core.plugin_system:Skipping extension 'colcon_notification.desktop_notification.win32': Not used on non-Windows systems
[0.214s] INFO:colcon.colcon_notification.desktop_notification:Sending desktop notification using 'notify2'
[0.222s] DEBUG:colcon.colcon_core.event_reactor:joined thread
[0.223s] INFO:colcon.colcon_core.plugin_system:Skipping extension 'colcon_core.shell.bat': Not used on non-Windows systems
[0.223s] INFO:colcon.colcon_core.shell:Creating prefix script '/home/taisyu/ros2_ws/src/ros2_rust_pubsub_example/install/local_setup.ps1'
[0.224s] INFO:colcon.colcon_core.shell:Creating prefix util module '/home/taisyu/ros2_ws/src/ros2_rust_pubsub_example/install/_local_setup_util_ps1.py'
[0.225s] INFO:colcon.colcon_core.shell:Creating prefix chain script '/home/taisyu/ros2_ws/src/ros2_rust_pubsub_example/install/setup.ps1'
[0.225s] INFO:colcon.colcon_core.shell:Creating prefix script '/home/taisyu/ros2_ws/src/ros2_rust_pubsub_example/install/local_setup.sh'
[0.225s] INFO:colcon.colcon_core.shell:Creating prefix util module '/home/taisyu/ros2_ws/src/ros2_rust_pubsub_example/install/_local_setup_util_sh.py'
[0.226s] INFO:colcon.colcon_core.shell:Creating prefix chain script '/home/taisyu/ros2_ws/src/ros2_rust_pubsub_example/install/setup.sh'
[0.226s] INFO:colcon.colcon_core.shell:Creating prefix script '/home/taisyu/ros2_ws/src/ros2_rust_pubsub_example/install/local_setup.bash'
[0.226s] INFO:colcon.colcon_core.shell:Creating prefix chain script '/home/taisyu/ros2_ws/src/ros2_rust_pubsub_example/install/setup.bash'
[0.227s] INFO:colcon.colcon_core.shell:Creating prefix script '/home/taisyu/ros2_ws/src/ros2_rust_pubsub_example/install/local_setup.zsh'
[0.227s] INFO:colcon.colcon_core.shell:Creating prefix chain script '/home/taisyu/ros2_ws/src/ros2_rust_pubsub_example/install/setup.zsh'
